mode: set
github.com/LMaxence/gookme/cmd/cli/main.go:12.13,15.41 2 0
github.com/LMaxence/gookme/cmd/cli/main.go:15.41,18.3 2 0
github.com/LMaxence/gookme/cmd/schemas/main.go:12.45,17.16 3 0
github.com/LMaxence/gookme/cmd/schemas/main.go:17.16,19.3 1 0
github.com/LMaxence/gookme/cmd/schemas/main.go:21.2,21.32 1 0
github.com/LMaxence/gookme/cmd/schemas/main.go:24.43,29.16 3 0
github.com/LMaxence/gookme/cmd/schemas/main.go:29.16,31.3 1 0
github.com/LMaxence/gookme/cmd/schemas/main.go:33.2,33.32 1 0
github.com/LMaxence/gookme/cmd/schemas/main.go:36.43,41.16 3 0
github.com/LMaxence/gookme/cmd/schemas/main.go:41.16,43.3 1 0
github.com/LMaxence/gookme/cmd/schemas/main.go:45.2,45.32 1 0
github.com/LMaxence/gookme/cmd/schemas/main.go:49.13,51.22 1 0
github.com/LMaxence/gookme/cmd/schemas/main.go:51.22,52.41 1 0
github.com/LMaxence/gookme/cmd/schemas/main.go:56.2,58.20 3 0
github.com/LMaxence/gookme/cmd/schemas/main.go:59.16,60.39 1 0
github.com/LMaxence/gookme/cmd/schemas/main.go:61.15,62.37 1 0
github.com/LMaxence/gookme/cmd/schemas/main.go:63.15,64.37 1 0
github.com/LMaxence/gookme/cmd/schemas/main.go:65.10,66.46 1 0
github.com/LMaxence/gookme/cmd/schemas/main.go:69.2,69.16 1 0
github.com/LMaxence/gookme/cmd/schemas/main.go:69.16,70.13 1 0
github.com/LMaxence/gookme/cmd/schemas/main.go:73.2,73.21 1 0
github.com/LMaxence/gookme/packages/cli/clean.go:19.9,23.16 3 0
github.com/LMaxence/gookme/packages/cli/clean.go:23.16,25.3 1 0
github.com/LMaxence/gookme/packages/cli/clean.go:27.2,32.16 5 0
github.com/LMaxence/gookme/packages/cli/clean.go:32.16,34.3 1 0
github.com/LMaxence/gookme/packages/cli/clean.go:36.2,36.12 1 0
github.com/LMaxence/gookme/packages/cli/clean.go:36.12,42.17 5 0
github.com/LMaxence/gookme/packages/cli/clean.go:42.17,44.4 1 0
github.com/LMaxence/gookme/packages/cli/clean.go:47.3,49.24 3 0
github.com/LMaxence/gookme/packages/cli/clean.go:50.8,53.3 2 0
github.com/LMaxence/gookme/packages/cli/clean.go:55.2,57.49 2 0
github.com/LMaxence/gookme/packages/cli/clean.go:57.49,60.17 3 0
github.com/LMaxence/gookme/packages/cli/clean.go:60.17,62.4 1 0
github.com/LMaxence/gookme/packages/cli/clean.go:63.8,66.17 2 0
github.com/LMaxence/gookme/packages/cli/clean.go:66.17,68.4 1 0
github.com/LMaxence/gookme/packages/cli/clean.go:71.2,72.12 2 0
github.com/LMaxence/gookme/packages/cli/clean.go:75.20,76.51 1 0
github.com/LMaxence/gookme/packages/cli/clean.go:76.51,78.17 2 0
github.com/LMaxence/gookme/packages/cli/clean.go:78.17,80.4 1 0
github.com/LMaxence/gookme/packages/cli/clean.go:81.3,81.57 1 0
github.com/LMaxence/gookme/packages/cli/clean.go:84.2,84.12 1 0
github.com/LMaxence/gookme/packages/cli/clean.go:91.44,93.3 1 0
github.com/LMaxence/gookme/packages/cli/cli.go:12.24,17.40 1 0
github.com/LMaxence/gookme/packages/cli/cli.go:17.40,21.18 3 0
github.com/LMaxence/gookme/packages/cli/cli.go:21.18,24.5 2 0
github.com/LMaxence/gookme/packages/cli/cli.go:25.4,26.14 2 0
github.com/LMaxence/gookme/packages/cli/cli.go:35.2,35.12 1 0
github.com/LMaxence/gookme/packages/cli/init.go:22.86,28.18 4 0
github.com/LMaxence/gookme/packages/cli/init.go:28.18,30.3 1 0
github.com/LMaxence/gookme/packages/cli/init.go:30.8,31.44 1 0
github.com/LMaxence/gookme/packages/cli/init.go:31.44,33.18 2 0
github.com/LMaxence/gookme/packages/cli/init.go:33.18,35.5 1 0
github.com/LMaxence/gookme/packages/cli/init.go:36.4,36.43 1 0
github.com/LMaxence/gookme/packages/cli/init.go:40.2,43.18 2 0
github.com/LMaxence/gookme/packages/cli/init.go:48.9,52.16 3 0
github.com/LMaxence/gookme/packages/cli/init.go:52.16,54.3 1 0
github.com/LMaxence/gookme/packages/cli/init.go:56.2,61.16 5 0
github.com/LMaxence/gookme/packages/cli/init.go:61.16,63.3 1 0
github.com/LMaxence/gookme/packages/cli/init.go:65.2,65.12 1 0
github.com/LMaxence/gookme/packages/cli/init.go:65.12,71.17 5 0
github.com/LMaxence/gookme/packages/cli/init.go:71.17,73.4 1 0
github.com/LMaxence/gookme/packages/cli/init.go:75.3,77.24 3 0
github.com/LMaxence/gookme/packages/cli/init.go:78.8,83.3 4 0
github.com/LMaxence/gookme/packages/cli/init.go:85.2,93.16 4 0
github.com/LMaxence/gookme/packages/cli/init.go:93.16,95.3 1 0
github.com/LMaxence/gookme/packages/cli/init.go:97.2,102.16 5 0
github.com/LMaxence/gookme/packages/cli/init.go:102.16,104.3 1 0
github.com/LMaxence/gookme/packages/cli/init.go:106.2,107.12 2 0
github.com/LMaxence/gookme/packages/cli/init.go:110.29,112.16 2 0
github.com/LMaxence/gookme/packages/cli/init.go:112.16,114.3 1 0
github.com/LMaxence/gookme/packages/cli/init.go:116.2,125.16 8 0
github.com/LMaxence/gookme/packages/cli/init.go:125.16,127.3 1 0
github.com/LMaxence/gookme/packages/cli/init.go:129.2,130.16 2 0
github.com/LMaxence/gookme/packages/cli/init.go:130.16,132.3 1 0
github.com/LMaxence/gookme/packages/cli/init.go:134.2,135.16 2 0
github.com/LMaxence/gookme/packages/cli/init.go:135.16,137.3 1 0
github.com/LMaxence/gookme/packages/cli/init.go:139.2,140.16 2 0
github.com/LMaxence/gookme/packages/cli/init.go:140.16,142.3 1 0
github.com/LMaxence/gookme/packages/cli/init.go:144.2,145.16 2 0
github.com/LMaxence/gookme/packages/cli/init.go:145.16,147.3 1 0
github.com/LMaxence/gookme/packages/cli/init.go:149.2,149.12 1 0
github.com/LMaxence/gookme/packages/cli/init.go:152.46,153.30 1 0
github.com/LMaxence/gookme/packages/cli/init.go:153.30,156.3 2 0
github.com/LMaxence/gookme/packages/cli/init.go:158.2,159.42 2 0
github.com/LMaxence/gookme/packages/cli/init.go:159.42,161.3 1 0
github.com/LMaxence/gookme/packages/cli/init.go:163.2,165.42 2 0
github.com/LMaxence/gookme/packages/cli/init.go:165.42,168.17 3 0
github.com/LMaxence/gookme/packages/cli/init.go:168.17,170.4 1 0
github.com/LMaxence/gookme/packages/cli/init.go:171.3,171.61 1 0
github.com/LMaxence/gookme/packages/cli/init.go:174.2,175.16 2 0
github.com/LMaxence/gookme/packages/cli/init.go:175.16,177.3 1 0
github.com/LMaxence/gookme/packages/cli/init.go:179.2,179.12 1 0
github.com/LMaxence/gookme/packages/cli/init.go:198.44,200.17 2 0
github.com/LMaxence/gookme/packages/cli/init.go:200.17,202.4 1 0
github.com/LMaxence/gookme/packages/cli/init.go:203.3,203.23 1 0
github.com/LMaxence/gookme/packages/cli/run.go:26.104,29.38 2 0
github.com/LMaxence/gookme/packages/cli/run.go:29.38,32.3 2 0
github.com/LMaxence/gookme/packages/cli/run.go:32.8,32.59 1 0
github.com/LMaxence/gookme/packages/cli/run.go:32.59,35.3 2 0
github.com/LMaxence/gookme/packages/cli/run.go:35.8,35.62 1 0
github.com/LMaxence/gookme/packages/cli/run.go:35.62,38.3 2 0
github.com/LMaxence/gookme/packages/cli/run.go:38.8,41.3 2 0
github.com/LMaxence/gookme/packages/cli/run.go:43.2,43.35 1 0
github.com/LMaxence/gookme/packages/cli/run.go:46.84,48.16 2 0
github.com/LMaxence/gookme/packages/cli/run.go:48.16,50.3 1 0
github.com/LMaxence/gookme/packages/cli/run.go:52.2,58.18 2 0
github.com/LMaxence/gookme/packages/cli/run.go:61.42,63.16 2 0
github.com/LMaxence/gookme/packages/cli/run.go:63.16,66.3 2 0
github.com/LMaxence/gookme/packages/cli/run.go:68.2,70.16 3 0
github.com/LMaxence/gookme/packages/cli/run.go:70.16,73.3 2 0
github.com/LMaxence/gookme/packages/cli/run.go:75.2,77.16 3 0
github.com/LMaxence/gookme/packages/cli/run.go:77.16,80.3 2 0
github.com/LMaxence/gookme/packages/cli/run.go:82.2,86.34 4 0
github.com/LMaxence/gookme/packages/cli/run.go:86.34,88.3 1 0
github.com/LMaxence/gookme/packages/cli/run.go:90.2,96.34 4 0
github.com/LMaxence/gookme/packages/cli/run.go:96.34,100.3 3 0
github.com/LMaxence/gookme/packages/cli/run.go:102.2,103.33 2 0
github.com/LMaxence/gookme/packages/cli/run.go:103.33,105.13 2 0
github.com/LMaxence/gookme/packages/cli/run.go:105.13,108.4 2 0
github.com/LMaxence/gookme/packages/cli/run.go:111.2,112.12 2 0
github.com/LMaxence/gookme/packages/cli/run.go:137.44,140.17 2 0
github.com/LMaxence/gookme/packages/cli/run.go:140.17,142.4 1 0
github.com/LMaxence/gookme/packages/cli/run.go:143.3,143.20 1 0
github.com/LMaxence/gookme/packages/cli/validation.go:10.69,11.39 1 0
github.com/LMaxence/gookme/packages/cli/validation.go:12.311,13.44 1 0
github.com/LMaxence/gookme/packages/cli/validation.go:14.10,15.132 1 0
github.com/LMaxence/gookme/packages/executor/executor.go:36.115,46.34 2 0
github.com/LMaxence/gookme/packages/executor/executor.go:46.34,53.17 5 0
github.com/LMaxence/gookme/packages/executor/executor.go:53.17,55.12 2 0
github.com/LMaxence/gookme/packages/executor/executor.go:56.9,58.4 1 0
github.com/LMaxence/gookme/packages/executor/executor.go:61.2,61.10 1 0
github.com/LMaxence/gookme/packages/executor/executor.go:64.60,68.2 2 0
github.com/LMaxence/gookme/packages/executor/executor.go:70.64,73.9 2 0
github.com/LMaxence/gookme/packages/executor/executor.go:73.9,75.3 1 0
github.com/LMaxence/gookme/packages/executor/executor.go:77.2,77.18 1 0
github.com/LMaxence/gookme/packages/executor/executor.go:80.79,84.16 3 0
github.com/LMaxence/gookme/packages/executor/executor.go:84.16,87.3 2 0
github.com/LMaxence/gookme/packages/executor/executor.go:90.2,92.16 3 0
github.com/LMaxence/gookme/packages/executor/executor.go:92.16,95.3 2 0
github.com/LMaxence/gookme/packages/executor/executor.go:97.2,97.19 1 0
github.com/LMaxence/gookme/packages/executor/executor.go:97.19,101.3 3 0
github.com/LMaxence/gookme/packages/executor/executor.go:104.77,107.16 3 0
github.com/LMaxence/gookme/packages/executor/executor.go:107.16,110.3 2 0
github.com/LMaxence/gookme/packages/executor/executor.go:113.2,115.16 3 0
github.com/LMaxence/gookme/packages/executor/executor.go:115.16,117.3 1 0
github.com/LMaxence/gookme/packages/executor/executor.go:120.97,122.41 2 0
github.com/LMaxence/gookme/packages/executor/executor.go:122.41,124.3 1 0
github.com/LMaxence/gookme/packages/executor/executor.go:124.8,124.49 1 0
github.com/LMaxence/gookme/packages/executor/executor.go:124.49,126.3 1 0
github.com/LMaxence/gookme/packages/executor/executor.go:126.8,126.49 1 0
github.com/LMaxence/gookme/packages/executor/executor.go:126.49,128.3 1 0
github.com/LMaxence/gookme/packages/executor/executor.go:128.8,128.49 1 0
github.com/LMaxence/gookme/packages/executor/executor.go:128.49,130.3 1 0
github.com/LMaxence/gookme/packages/executor/executor.go:133.2,133.81 1 0
github.com/LMaxence/gookme/packages/executor/executor.go:133.81,135.17 2 0
github.com/LMaxence/gookme/packages/executor/executor.go:135.17,138.4 2 0
github.com/LMaxence/gookme/packages/executor/executor.go:140.3,142.17 3 0
github.com/LMaxence/gookme/packages/executor/executor.go:142.17,145.4 2 0
github.com/LMaxence/gookme/packages/executor/executor.go:149.58,159.26 7 0
github.com/LMaxence/gookme/packages/executor/executor.go:159.26,162.3 2 0
github.com/LMaxence/gookme/packages/executor/executor.go:164.2,173.16 5 0
github.com/LMaxence/gookme/packages/executor/executor.go:173.16,178.3 3 0
github.com/LMaxence/gookme/packages/executor/executor.go:180.2,181.16 2 0
github.com/LMaxence/gookme/packages/executor/executor.go:181.16,185.3 3 0
github.com/LMaxence/gookme/packages/executor/executor.go:187.2,188.16 2 0
github.com/LMaxence/gookme/packages/executor/executor.go:188.16,192.3 3 0
github.com/LMaxence/gookme/packages/executor/executor.go:193.2,198.12 4 0
github.com/LMaxence/gookme/packages/executor/executor.go:198.12,201.22 2 0
github.com/LMaxence/gookme/packages/executor/executor.go:201.22,204.4 2 0
github.com/LMaxence/gookme/packages/executor/executor.go:206.3,206.12 1 0
github.com/LMaxence/gookme/packages/executor/executor.go:209.2,209.12 1 0
github.com/LMaxence/gookme/packages/executor/executor.go:209.12,212.22 2 0
github.com/LMaxence/gookme/packages/executor/executor.go:212.22,215.4 2 0
github.com/LMaxence/gookme/packages/executor/executor.go:217.3,217.12 1 0
github.com/LMaxence/gookme/packages/executor/executor.go:220.2,221.16 2 0
github.com/LMaxence/gookme/packages/executor/executor.go:221.16,224.3 2 0
github.com/LMaxence/gookme/packages/executor/executor.go:224.8,227.3 2 0
github.com/LMaxence/gookme/packages/executor/executor.go:230.30,235.29 3 0
github.com/LMaxence/gookme/packages/executor/executor.go:235.29,240.18 3 0
github.com/LMaxence/gookme/packages/executor/executor.go:240.18,244.4 3 0
github.com/LMaxence/gookme/packages/executor/executor.go:244.9,246.14 2 0
github.com/LMaxence/gookme/packages/executor/executor.go:246.14,249.5 2 0
github.com/LMaxence/gookme/packages/executor/executor.go:253.2,253.11 1 0
github.com/LMaxence/gookme/packages/hooks-scripts/checks.go:11.92,15.16 3 0
github.com/LMaxence/gookme/packages/hooks-scripts/checks.go:15.16,17.3 1 0
github.com/LMaxence/gookme/packages/hooks-scripts/checks.go:18.2,18.24 1 0
github.com/LMaxence/gookme/packages/hooks-scripts/checks.go:18.24,20.3 1 0
github.com/LMaxence/gookme/packages/hooks-scripts/checks.go:22.2,22.19 1 0
github.com/LMaxence/gookme/packages/hooks-scripts/checks.go:25.38,30.16 3 0
github.com/LMaxence/gookme/packages/hooks-scripts/checks.go:30.16,33.3 2 0
github.com/LMaxence/gookme/packages/hooks-scripts/checks.go:35.2,35.24 1 0
github.com/LMaxence/gookme/packages/hooks-scripts/checks.go:35.24,38.17 3 0
github.com/LMaxence/gookme/packages/hooks-scripts/checks.go:38.17,40.4 1 0
github.com/LMaxence/gookme/packages/hooks-scripts/checks.go:43.2,43.12 1 0
github.com/LMaxence/gookme/packages/hooks-scripts/checks.go:46.36,51.16 3 0
github.com/LMaxence/gookme/packages/hooks-scripts/checks.go:51.16,54.3 2 0
github.com/LMaxence/gookme/packages/hooks-scripts/checks.go:56.2,56.24 1 0
github.com/LMaxence/gookme/packages/hooks-scripts/checks.go:56.24,59.17 3 0
github.com/LMaxence/gookme/packages/hooks-scripts/checks.go:59.17,61.4 1 0
github.com/LMaxence/gookme/packages/hooks-scripts/checks.go:62.3,62.21 1 0
github.com/LMaxence/gookme/packages/hooks-scripts/checks.go:65.2,65.12 1 0
github.com/LMaxence/gookme/packages/hooks-scripts/io.go:10.99,15.16 3 0
github.com/LMaxence/gookme/packages/hooks-scripts/io.go:15.16,17.3 1 0
github.com/LMaxence/gookme/packages/hooks-scripts/io.go:18.2,18.29 1 0
github.com/LMaxence/gookme/packages/hooks-scripts/io.go:21.106,26.16 3 0
github.com/LMaxence/gookme/packages/hooks-scripts/io.go:26.16,28.3 1 0
github.com/LMaxence/gookme/packages/hooks-scripts/io.go:30.2,30.12 1 0
github.com/LMaxence/gookme/packages/hooks-scripts/io.go:33.84,38.16 3 0
github.com/LMaxence/gookme/packages/hooks-scripts/io.go:38.16,40.3 1 0
github.com/LMaxence/gookme/packages/hooks-scripts/io.go:42.2,42.12 1 0
github.com/LMaxence/gookme/packages/hooks-scripts/scripts.go:23.73,30.2 4 0
github.com/LMaxence/gookme/packages/hooks-scripts/scripts.go:33.57,40.29 4 0
github.com/LMaxence/gookme/packages/hooks-scripts/scripts.go:40.29,41.38 1 0
github.com/LMaxence/gookme/packages/hooks-scripts/scripts.go:41.38,45.4 3 0
github.com/LMaxence/gookme/packages/hooks-scripts/scripts.go:48.2,48.44 1 0
github.com/LMaxence/gookme/packages/hooks-scripts/scripts.go:54.10,64.29 6 0
github.com/LMaxence/gookme/packages/hooks-scripts/scripts.go:64.29,65.41 1 0
github.com/LMaxence/gookme/packages/hooks-scripts/scripts.go:65.41,67.4 1 0
github.com/LMaxence/gookme/packages/hooks-scripts/scripts.go:68.3,68.39 1 0
github.com/LMaxence/gookme/packages/hooks-scripts/scripts.go:68.39,70.4 1 0
github.com/LMaxence/gookme/packages/hooks-scripts/scripts.go:73.2,74.22 2 0
github.com/LMaxence/gookme/packages/hooks-scripts/scripts.go:74.22,77.3 2 0
github.com/LMaxence/gookme/packages/hooks-scripts/scripts.go:78.2,78.20 1 0
github.com/LMaxence/gookme/packages/hooks-scripts/scripts.go:78.20,81.3 2 0
github.com/LMaxence/gookme/packages/hooks-scripts/scripts.go:83.2,83.78 1 0
github.com/LMaxence/gookme/packages/hooks-scripts/scripts.go:89.19,92.63 2 0
github.com/LMaxence/gookme/packages/hooks-scripts/scripts.go:92.63,94.3 1 0
github.com/LMaxence/gookme/packages/hooks-scripts/scripts.go:96.2,106.40 3 0
github.com/LMaxence/gookme/packages/hooks-scripts/scripts.go:106.40,108.3 1 0
github.com/LMaxence/gookme/packages/hooks-scripts/scripts.go:108.8,108.45 1 0
github.com/LMaxence/gookme/packages/hooks-scripts/scripts.go:108.45,110.3 1 0
github.com/LMaxence/gookme/packages/hooks-scripts/scripts.go:110.8,112.3 1 0
github.com/LMaxence/gookme/packages/logging/logger.go:10.35,13.16 2 0
github.com/LMaxence/gookme/packages/logging/logger.go:13.16,15.3 1 0
github.com/LMaxence/gookme/packages/logging/logger.go:17.2,17.14 1 0
github.com/LMaxence/gookme/packages/logging/logger.go:20.34,23.2 2 0
github.com/LMaxence/gookme/packages/logging/logger.go:29.37,44.2 4 0
github.com/LMaxence/gookme/packages/logging/logger.go:46.46,47.29 1 0
github.com/LMaxence/gookme/packages/logging/logger.go:47.29,49.3 1 0
github.com/LMaxence/gookme/packages/logging/logger.go:50.2,50.33 1 0
github.com/LMaxence/gookme/packages/logging/logger.go:53.63,56.35 2 0
github.com/LMaxence/gookme/packages/logging/logger.go:56.35,58.3 1 0
github.com/LMaxence/gookme/packages/logging/logger.go:60.2,60.33 1 0
github.com/LMaxence/gookme/packages/logging/logger.go:60.33,62.3 1 0
github.com/LMaxence/gookme/packages/logging/logger.go:64.2,66.3 1 0
github.com/LMaxence/gookme/packages/logging/logger.go:69.45,71.2 1 0
github.com/LMaxence/gookme/packages/logging/logger.go:73.61,75.2 1 0
github.com/LMaxence/gookme/packages/logging/logger.go:77.45,79.2 1 0
github.com/LMaxence/gookme/packages/logging/logger.go:81.61,83.2 1 0
github.com/LMaxence/gookme/packages/logging/logger.go:85.44,87.2 1 0
github.com/LMaxence/gookme/packages/logging/logger.go:89.60,91.2 1 0
github.com/LMaxence/gookme/packages/logging/logger.go:93.44,95.2 1 0
github.com/LMaxence/gookme/packages/logging/logger.go:97.60,99.2 1 0
github.com/LMaxence/gookme/packages/logging/logger.go:101.45,103.2 1 0
github.com/LMaxence/gookme/packages/logging/logger.go:105.61,107.2 1 0
github.com/LMaxence/gookme/packages/filters/changeset_filters.go:12.12,14.36 2 1
github.com/LMaxence/gookme/packages/filters/changeset_filters.go:14.36,15.38 1 1
github.com/LMaxence/gookme/packages/filters/changeset_filters.go:15.38,17.4 1 1
github.com/LMaxence/gookme/packages/filters/changeset_filters.go:20.2,20.17 1 1
github.com/LMaxence/gookme/packages/filters/changeset_filters.go:26.21,29.39 2 1
github.com/LMaxence/gookme/packages/filters/changeset_filters.go:29.39,31.3 1 1
github.com/LMaxence/gookme/packages/filters/changeset_filters.go:33.2,33.36 1 1
github.com/LMaxence/gookme/packages/filters/changeset_filters.go:33.36,36.17 2 1
github.com/LMaxence/gookme/packages/filters/changeset_filters.go:36.17,38.4 1 0
github.com/LMaxence/gookme/packages/filters/changeset_filters.go:40.3,40.12 1 1
github.com/LMaxence/gookme/packages/filters/changeset_filters.go:40.12,42.4 1 1
github.com/LMaxence/gookme/packages/filters/changeset_filters.go:45.2,45.22 1 1
github.com/LMaxence/gookme/packages/filters/hooks_filter.go:8.24,15.29 2 1
github.com/LMaxence/gookme/packages/filters/hooks_filter.go:15.29,18.26 2 1
github.com/LMaxence/gookme/packages/filters/hooks_filter.go:18.26,20.4 1 1
github.com/LMaxence/gookme/packages/filters/hooks_filter.go:20.9,22.4 1 1
github.com/LMaxence/gookme/packages/filters/hooks_filter.go:26.2,26.17 1 1
github.com/LMaxence/gookme/packages/filters/steps_filter.go:8.24,14.29 2 1
github.com/LMaxence/gookme/packages/filters/steps_filter.go:14.29,18.35 3 1
github.com/LMaxence/gookme/packages/filters/steps_filter.go:18.35,21.21 2 1
github.com/LMaxence/gookme/packages/filters/steps_filter.go:21.21,23.13 2 1
github.com/LMaxence/gookme/packages/filters/steps_filter.go:26.4,27.18 2 1
github.com/LMaxence/gookme/packages/filters/steps_filter.go:27.18,28.13 1 0
github.com/LMaxence/gookme/packages/filters/steps_filter.go:30.4,32.27 2 1
github.com/LMaxence/gookme/packages/filters/steps_filter.go:32.27,34.5 1 1
github.com/LMaxence/gookme/packages/filters/steps_filter.go:34.10,36.5 1 1
github.com/LMaxence/gookme/packages/filters/steps_filter.go:39.3,39.21 1 1
github.com/LMaxence/gookme/packages/filters/steps_filter.go:39.21,44.4 1 1
github.com/LMaxence/gookme/packages/filters/steps_filter.go:48.2,48.17 1 1
github.com/LMaxence/gookme/packages/filters/strategies.go:15.95,19.2 1 0
github.com/LMaxence/gookme/packages/filters/strategies.go:21.70,23.2 1 0
github.com/LMaxence/gookme/packages/filters/strategies.go:33.119,39.2 1 0
github.com/LMaxence/gookme/packages/filters/strategies.go:41.70,43.2 1 0
github.com/LMaxence/gookme/packages/filters/strategies.go:51.97,55.2 1 0
github.com/LMaxence/gookme/packages/filters/strategies.go:57.71,59.2 1 0
github.com/LMaxence/gookme/packages/filters/strategies.go:69.126,74.2 1 0
github.com/LMaxence/gookme/packages/filters/strategies.go:76.82,78.2 1 0
github.com/LMaxence/gookme/packages/logging/logger.go:10.35,13.16 2 1
github.com/LMaxence/gookme/packages/logging/logger.go:13.16,15.3 1 1
github.com/LMaxence/gookme/packages/logging/logger.go:17.2,17.14 1 0
github.com/LMaxence/gookme/packages/logging/logger.go:20.34,23.2 2 1
github.com/LMaxence/gookme/packages/logging/logger.go:29.37,44.2 4 1
github.com/LMaxence/gookme/packages/logging/logger.go:46.46,47.29 1 1
github.com/LMaxence/gookme/packages/logging/logger.go:47.29,49.3 1 1
github.com/LMaxence/gookme/packages/logging/logger.go:50.2,50.33 1 0
github.com/LMaxence/gookme/packages/logging/logger.go:53.63,56.35 2 0
github.com/LMaxence/gookme/packages/logging/logger.go:56.35,58.3 1 0
github.com/LMaxence/gookme/packages/logging/logger.go:60.2,60.33 1 0
github.com/LMaxence/gookme/packages/logging/logger.go:60.33,62.3 1 0
github.com/LMaxence/gookme/packages/logging/logger.go:64.2,66.3 1 0
github.com/LMaxence/gookme/packages/logging/logger.go:69.45,71.2 1 0
github.com/LMaxence/gookme/packages/logging/logger.go:73.61,75.2 1 1
github.com/LMaxence/gookme/packages/logging/logger.go:77.45,79.2 1 0
github.com/LMaxence/gookme/packages/logging/logger.go:81.61,83.2 1 0
github.com/LMaxence/gookme/packages/logging/logger.go:85.44,87.2 1 0
github.com/LMaxence/gookme/packages/logging/logger.go:89.60,91.2 1 0
github.com/LMaxence/gookme/packages/logging/logger.go:93.44,95.2 1 0
github.com/LMaxence/gookme/packages/logging/logger.go:97.60,99.2 1 0
github.com/LMaxence/gookme/packages/logging/logger.go:101.45,103.2 1 0
github.com/LMaxence/gookme/packages/logging/logger.go:105.61,107.2 1 0
github.com/LMaxence/gookme/packages/configuration/configuration.go:21.62,26.2 2 1
github.com/LMaxence/gookme/packages/configuration/fixtures.go:16.39,24.2 1 0
github.com/LMaxence/gookme/packages/configuration/fixtures.go:26.44,33.2 1 0
github.com/LMaxence/gookme/packages/configuration/fixtures.go:35.36,42.2 1 0
github.com/LMaxence/gookme/packages/configuration/fixtures.go:44.63,47.2 2 0
github.com/LMaxence/gookme/packages/configuration/fixtures.go:49.64,52.2 2 0
github.com/LMaxence/gookme/packages/configuration/fixtures.go:60.47,66.2 1 0
github.com/LMaxence/gookme/packages/configuration/fixtures.go:68.44,70.32 2 0
github.com/LMaxence/gookme/packages/configuration/fixtures.go:70.32,72.3 1 0
github.com/LMaxence/gookme/packages/configuration/fixtures.go:74.2,78.3 1 0
github.com/LMaxence/gookme/packages/configuration/fixtures.go:81.38,88.32 2 0
github.com/LMaxence/gookme/packages/configuration/fixtures.go:88.32,95.3 1 0
github.com/LMaxence/gookme/packages/configuration/fixtures.go:97.2,97.13 1 0
github.com/LMaxence/gookme/packages/configuration/fixtures.go:100.64,103.2 2 0
github.com/LMaxence/gookme/packages/configuration/fixtures.go:105.68,108.2 2 0
github.com/LMaxence/gookme/packages/configuration/loader.go:23.84,27.16 3 1
github.com/LMaxence/gookme/packages/configuration/loader.go:27.16,29.3 1 0
github.com/LMaxence/gookme/packages/configuration/loader.go:31.2,31.23 1 1
github.com/LMaxence/gookme/packages/configuration/loader.go:31.23,34.3 2 1
github.com/LMaxence/gookme/packages/configuration/loader.go:36.2,41.16 4 1
github.com/LMaxence/gookme/packages/configuration/loader.go:41.16,44.3 2 0
github.com/LMaxence/gookme/packages/configuration/loader.go:46.2,48.16 3 1
github.com/LMaxence/gookme/packages/configuration/loader.go:48.16,51.3 2 0
github.com/LMaxence/gookme/packages/configuration/loader.go:53.2,53.21 1 1
github.com/LMaxence/gookme/packages/configuration/loader.go:56.78,62.16 5 1
github.com/LMaxence/gookme/packages/configuration/loader.go:62.16,64.3 1 0
github.com/LMaxence/gookme/packages/configuration/loader.go:66.2,68.32 2 1
github.com/LMaxence/gookme/packages/configuration/loader.go:68.32,74.17 5 0
github.com/LMaxence/gookme/packages/configuration/loader.go:74.17,77.4 2 0
github.com/LMaxence/gookme/packages/configuration/loader.go:79.3,81.17 3 0
github.com/LMaxence/gookme/packages/configuration/loader.go:81.17,84.4 2 0
github.com/LMaxence/gookme/packages/configuration/loader.go:86.3,86.22 1 0
github.com/LMaxence/gookme/packages/configuration/loader.go:89.2,89.20 1 1
github.com/LMaxence/gookme/packages/configuration/loader.go:92.82,97.16 4 1
github.com/LMaxence/gookme/packages/configuration/loader.go:97.16,99.3 1 0
github.com/LMaxence/gookme/packages/configuration/loader.go:101.2,103.16 3 1
github.com/LMaxence/gookme/packages/configuration/loader.go:103.16,105.3 1 0
github.com/LMaxence/gookme/packages/configuration/loader.go:107.2,109.23 2 1
github.com/LMaxence/gookme/packages/configuration/loader.go:109.23,112.3 2 1
github.com/LMaxence/gookme/packages/configuration/loader.go:114.2,114.32 1 1
github.com/LMaxence/gookme/packages/configuration/loader.go:114.32,119.17 4 1
github.com/LMaxence/gookme/packages/configuration/loader.go:119.17,122.4 2 0
github.com/LMaxence/gookme/packages/configuration/loader.go:124.3,126.17 3 1
github.com/LMaxence/gookme/packages/configuration/loader.go:126.17,129.4 2 0
github.com/LMaxence/gookme/packages/configuration/loader.go:131.3,138.35 6 1
github.com/LMaxence/gookme/packages/configuration/loader.go:138.35,139.24 1 1
github.com/LMaxence/gookme/packages/configuration/loader.go:139.24,142.12 3 0
github.com/LMaxence/gookme/packages/configuration/loader.go:142.12,144.6 1 0
github.com/LMaxence/gookme/packages/configuration/loader.go:145.5,154.7 1 0
github.com/LMaxence/gookme/packages/configuration/loader.go:155.10,167.5 1 1
github.com/LMaxence/gookme/packages/configuration/loader.go:171.3,175.5 1 1
github.com/LMaxence/gookme/packages/configuration/loader.go:178.2,178.19 1 1
github.com/LMaxence/gookme/packages/configuration/loader.go:181.91,183.16 2 1
github.com/LMaxence/gookme/packages/configuration/loader.go:183.16,185.3 1 0
github.com/LMaxence/gookme/packages/configuration/loader.go:187.2,188.16 2 1
github.com/LMaxence/gookme/packages/configuration/loader.go:188.16,190.3 1 0
github.com/LMaxence/gookme/packages/configuration/loader.go:192.2,195.8 1 1
github.com/LMaxence/gookme/packages/logging/logger.go:10.35,13.16 2 1
github.com/LMaxence/gookme/packages/logging/logger.go:13.16,15.3 1 1
github.com/LMaxence/gookme/packages/logging/logger.go:17.2,17.14 1 0
github.com/LMaxence/gookme/packages/logging/logger.go:20.34,23.2 2 1
github.com/LMaxence/gookme/packages/logging/logger.go:29.37,44.2 4 1
github.com/LMaxence/gookme/packages/logging/logger.go:46.46,47.29 1 1
github.com/LMaxence/gookme/packages/logging/logger.go:47.29,49.3 1 1
github.com/LMaxence/gookme/packages/logging/logger.go:50.2,50.33 1 0
github.com/LMaxence/gookme/packages/logging/logger.go:53.63,56.35 2 0
github.com/LMaxence/gookme/packages/logging/logger.go:56.35,58.3 1 0
github.com/LMaxence/gookme/packages/logging/logger.go:60.2,60.33 1 0
github.com/LMaxence/gookme/packages/logging/logger.go:60.33,62.3 1 0
github.com/LMaxence/gookme/packages/logging/logger.go:64.2,66.3 1 0
github.com/LMaxence/gookme/packages/logging/logger.go:69.45,71.2 1 1
github.com/LMaxence/gookme/packages/logging/logger.go:73.61,75.2 1 1
github.com/LMaxence/gookme/packages/logging/logger.go:77.45,79.2 1 0
github.com/LMaxence/gookme/packages/logging/logger.go:81.61,83.2 1 0
github.com/LMaxence/gookme/packages/logging/logger.go:85.44,87.2 1 0
github.com/LMaxence/gookme/packages/logging/logger.go:89.60,91.2 1 1
github.com/LMaxence/gookme/packages/logging/logger.go:93.44,95.2 1 0
github.com/LMaxence/gookme/packages/logging/logger.go:97.60,99.2 1 0
github.com/LMaxence/gookme/packages/logging/logger.go:101.45,103.2 1 0
github.com/LMaxence/gookme/packages/logging/logger.go:105.61,107.2 1 0
github.com/LMaxence/gookme/packages/logging/logger.go:10.35,13.16 2 1
github.com/LMaxence/gookme/packages/logging/logger.go:13.16,15.3 1 1
github.com/LMaxence/gookme/packages/logging/logger.go:17.2,17.14 1 0
github.com/LMaxence/gookme/packages/logging/logger.go:20.34,23.2 2 0
github.com/LMaxence/gookme/packages/logging/logger.go:29.37,44.2 4 1
github.com/LMaxence/gookme/packages/logging/logger.go:46.46,47.29 1 0
github.com/LMaxence/gookme/packages/logging/logger.go:47.29,49.3 1 0
github.com/LMaxence/gookme/packages/logging/logger.go:50.2,50.33 1 0
github.com/LMaxence/gookme/packages/logging/logger.go:53.63,56.35 2 0
github.com/LMaxence/gookme/packages/logging/logger.go:56.35,58.3 1 0
github.com/LMaxence/gookme/packages/logging/logger.go:60.2,60.33 1 0
github.com/LMaxence/gookme/packages/logging/logger.go:60.33,62.3 1 0
github.com/LMaxence/gookme/packages/logging/logger.go:64.2,66.3 1 0
github.com/LMaxence/gookme/packages/logging/logger.go:69.45,71.2 1 0
github.com/LMaxence/gookme/packages/logging/logger.go:73.61,75.2 1 0
github.com/LMaxence/gookme/packages/logging/logger.go:77.45,79.2 1 0
github.com/LMaxence/gookme/packages/logging/logger.go:81.61,83.2 1 0
github.com/LMaxence/gookme/packages/logging/logger.go:85.44,87.2 1 0
github.com/LMaxence/gookme/packages/logging/logger.go:89.60,91.2 1 0
github.com/LMaxence/gookme/packages/logging/logger.go:93.44,95.2 1 0
github.com/LMaxence/gookme/packages/logging/logger.go:97.60,99.2 1 0
github.com/LMaxence/gookme/packages/logging/logger.go:101.45,103.2 1 0
github.com/LMaxence/gookme/packages/logging/logger.go:105.61,107.2 1 0
github.com/LMaxence/gookme/packages/test-helpers/helpers.go:15.40,17.24 2 1
github.com/LMaxence/gookme/packages/test-helpers/helpers.go:17.24,19.3 1 0
github.com/LMaxence/gookme/packages/test-helpers/helpers.go:20.2,20.21 1 1
github.com/LMaxence/gookme/packages/test-helpers/helpers.go:23.49,29.16 3 1
github.com/LMaxence/gookme/packages/test-helpers/helpers.go:29.16,31.3 1 0
github.com/LMaxence/gookme/packages/test-helpers/helpers.go:33.2,37.13 4 1
github.com/LMaxence/gookme/packages/test-helpers/helpers.go:37.13,41.19 3 0
github.com/LMaxence/gookme/packages/test-helpers/helpers.go:41.19,43.4 1 0
github.com/LMaxence/gookme/packages/test-helpers/helpers.go:45.3,46.17 2 0
github.com/LMaxence/gookme/packages/test-helpers/helpers.go:46.17,48.4 1 0
github.com/LMaxence/gookme/packages/test-helpers/helpers.go:50.3,51.14 2 0
github.com/LMaxence/gookme/packages/test-helpers/helpers.go:51.14,53.4 1 0
github.com/LMaxence/gookme/packages/test-helpers/helpers.go:56.2,56.18 1 1
github.com/LMaxence/gookme/packages/test-helpers/helpers.go:59.36,61.16 2 1
github.com/LMaxence/gookme/packages/test-helpers/helpers.go:61.16,63.3 1 0
github.com/LMaxence/gookme/packages/test-helpers/helpers.go:66.2,70.16 4 1
github.com/LMaxence/gookme/packages/test-helpers/helpers.go:70.16,72.3 1 0
github.com/LMaxence/gookme/packages/test-helpers/helpers.go:74.2,74.18 1 1
github.com/LMaxence/gookme/packages/test-helpers/helpers.go:77.59,80.16 2 1
github.com/LMaxence/gookme/packages/test-helpers/helpers.go:80.16,82.3 1 0
github.com/LMaxence/gookme/packages/test-helpers/helpers.go:84.2,86.16 3 1
github.com/LMaxence/gookme/packages/test-helpers/helpers.go:86.16,88.3 1 0
github.com/LMaxence/gookme/packages/test-helpers/helpers.go:89.2,92.12 3 1
github.com/LMaxence/gookme/packages/git-client/command.go:7.86,9.17 2 1
github.com/LMaxence/gookme/packages/git-client/command.go:9.17,11.3 1 1
github.com/LMaxence/gookme/packages/git-client/command.go:13.2,17.16 3 1
github.com/LMaxence/gookme/packages/git-client/command.go:17.16,19.3 1 1
github.com/LMaxence/gookme/packages/git-client/command.go:21.2,21.19 1 1
github.com/LMaxence/gookme/packages/git-client/command.go:21.19,23.3 1 1
github.com/LMaxence/gookme/packages/git-client/command.go:25.2,25.25 1 1
github.com/LMaxence/gookme/packages/git-client/repo_path.go:10.49,13.18 1 1
github.com/LMaxence/gookme/packages/git-client/repo_path.go:13.18,15.17 2 1
github.com/LMaxence/gookme/packages/git-client/repo_path.go:15.17,17.4 1 0
github.com/LMaxence/gookme/packages/git-client/repo_path.go:19.3,19.16 1 1
github.com/LMaxence/gookme/packages/git-client/repo_path.go:23.2,25.16 2 1
github.com/LMaxence/gookme/packages/git-client/repo_path.go:25.16,27.3 1 1
github.com/LMaxence/gookme/packages/git-client/repo_path.go:29.2,29.44 1 1
github.com/LMaxence/gookme/packages/git-client/staged_files.go:21.21,23.16 2 0
github.com/LMaxence/gookme/packages/git-client/staged_files.go:23.16,25.3 1 0
github.com/LMaxence/gookme/packages/git-client/staged_files.go:27.2,37.16 2 0
github.com/LMaxence/gookme/packages/git-client/staged_files.go:37.16,39.3 1 0
github.com/LMaxence/gookme/packages/git-client/staged_files.go:41.2,41.46 1 0
github.com/LMaxence/gookme/packages/git-client/staged_files.go:44.62,52.16 2 0
github.com/LMaxence/gookme/packages/git-client/staged_files.go:52.16,54.3 1 0
github.com/LMaxence/gookme/packages/git-client/staged_files.go:56.2,56.46 1 0
github.com/LMaxence/gookme/packages/git-client/staged_files.go:59.60,61.16 2 0
github.com/LMaxence/gookme/packages/git-client/staged_files.go:61.16,63.3 1 0
github.com/LMaxence/gookme/packages/git-client/staged_files.go:65.2,65.23 1 0
github.com/LMaxence/gookme/packages/git-client/staged_files.go:65.23,68.3 2 0
github.com/LMaxence/gookme/packages/git-client/staged_files.go:70.2,72.56 2 0
github.com/LMaxence/gookme/packages/git-client/staged_files.go:75.56,77.16 2 1
github.com/LMaxence/gookme/packages/git-client/staged_files.go:77.16,79.3 1 0
github.com/LMaxence/gookme/packages/git-client/staged_files.go:81.2,91.16 2 1
github.com/LMaxence/gookme/packages/git-client/staged_files.go:91.16,93.3 1 0
github.com/LMaxence/gookme/packages/git-client/staged_files.go:95.2,95.46 1 1
github.com/LMaxence/gookme/packages/git-client/staged_files.go:98.59,100.16 2 1
github.com/LMaxence/gookme/packages/git-client/staged_files.go:100.16,102.3 1 0
github.com/LMaxence/gookme/packages/git-client/staged_files.go:104.2,113.16 2 1
github.com/LMaxence/gookme/packages/git-client/staged_files.go:113.16,115.3 1 0
github.com/LMaxence/gookme/packages/git-client/staged_files.go:117.2,117.46 1 1
github.com/LMaxence/gookme/packages/git-client/staged_files.go:120.78,130.16 2 0
github.com/LMaxence/gookme/packages/git-client/staged_files.go:130.16,132.3 1 0
github.com/LMaxence/gookme/packages/git-client/staged_files.go:134.2,134.46 1 0
github.com/LMaxence/gookme/packages/logging/logger.go:10.35,13.16 2 1
github.com/LMaxence/gookme/packages/logging/logger.go:13.16,15.3 1 1
github.com/LMaxence/gookme/packages/logging/logger.go:17.2,17.14 1 0
github.com/LMaxence/gookme/packages/logging/logger.go:20.34,23.2 2 1
github.com/LMaxence/gookme/packages/logging/logger.go:29.37,44.2 4 1
github.com/LMaxence/gookme/packages/logging/logger.go:46.46,47.29 1 1
github.com/LMaxence/gookme/packages/logging/logger.go:47.29,49.3 1 1
github.com/LMaxence/gookme/packages/logging/logger.go:50.2,50.33 1 0
github.com/LMaxence/gookme/packages/logging/logger.go:53.63,56.35 2 0
github.com/LMaxence/gookme/packages/logging/logger.go:56.35,58.3 1 0
github.com/LMaxence/gookme/packages/logging/logger.go:60.2,60.33 1 0
github.com/LMaxence/gookme/packages/logging/logger.go:60.33,62.3 1 0
github.com/LMaxence/gookme/packages/logging/logger.go:64.2,66.3 1 0
github.com/LMaxence/gookme/packages/logging/logger.go:69.45,71.2 1 0
github.com/LMaxence/gookme/packages/logging/logger.go:73.61,75.2 1 1
github.com/LMaxence/gookme/packages/logging/logger.go:77.45,79.2 1 0
github.com/LMaxence/gookme/packages/logging/logger.go:81.61,83.2 1 0
github.com/LMaxence/gookme/packages/logging/logger.go:85.44,87.2 1 0
github.com/LMaxence/gookme/packages/logging/logger.go:89.60,91.2 1 0
github.com/LMaxence/gookme/packages/logging/logger.go:93.44,95.2 1 0
github.com/LMaxence/gookme/packages/logging/logger.go:97.60,99.2 1 0
github.com/LMaxence/gookme/packages/logging/logger.go:101.45,103.2 1 0
github.com/LMaxence/gookme/packages/logging/logger.go:105.61,107.2 1 0
